build/app/intermediates/manifest_merge_blame_file/debug/manifest-merger-blame-debug-report.txt
1<?xml version="1.0" encoding="utf-8"?>
2<manifest xmlns:android="http://schemas.android.com/apk/res/android"
3    package="com.spagreen.yoori"
4    android:versionCode="1"
5    android:versionName="1.0.1" >
6
7    <uses-sdk
8        android:minSdkVersion="21"
9        android:targetSdkVersion="33" />
10    <!--
11         Flutter needs it to communicate with the running application
12         to allow setting breakpoints, to provide hot reload, etc.
13    -->
14    <uses-permission android:name="android.permission.INTERNET" />
14-->src/main/AndroidManifest.xml:4:5-66
14-->src/main/AndroidManifest.xml:4:22-64
15    <uses-permission
15-->src/main/AndroidManifest.xml:5:5-80
16        android:name="android.permission.READ_EXTERNAL_STORAGE"
16-->src/main/AndroidManifest.xml:5:22-77
17        android:maxSdkVersion="32" />
17-->[:open_file_plus] AndroidManifest.xml:12:9-35
18    <uses-permission android:name="android.permission.WRITE_EXTERNAL_STORAGE" />
18-->src/main/AndroidManifest.xml:6:5-81
18-->src/main/AndroidManifest.xml:6:22-78
19    <uses-permission android:name="android.permission.FOREGROUND_SERVICE" />
19-->src/main/AndroidManifest.xml:7:5-77
19-->src/main/AndroidManifest.xml:7:22-74
20
21    <queries>
21-->src/main/AndroidManifest.xml:48:5-50:15
22        <provider android:authorities="com.facebook.katana.provider.PlatformProvider" />
22-->src/main/AndroidManifest.xml:49:9-89
22-->src/main/AndroidManifest.xml:49:19-86
23
24        <intent>
24-->[:flutter_inappwebview] AndroidManifest.xml:10:9-12:18
25            <action android:name="android.support.customtabs.action.CustomTabsService" />
25-->[:flutter_inappwebview] AndroidManifest.xml:11:13-90
25-->[:flutter_inappwebview] AndroidManifest.xml:11:21-87
26        </intent>
27
28        <package android:name="com.facebook.katana" />
28-->[com.facebook.android:facebook-common:14.1.1] AndroidManifest.xml:30:9-55
28-->[com.facebook.android:facebook-common:14.1.1] AndroidManifest.xml:30:18-52
29
30        <intent>
30-->[androidx.media2:media2-session:1.2.1] AndroidManifest.xml:25:9-27:18
31            <action android:name="android.media.browse.MediaBrowserService" />
31-->[androidx.media2:media2-session:1.2.1] AndroidManifest.xml:26:13-79
31-->[androidx.media2:media2-session:1.2.1] AndroidManifest.xml:26:21-76
32        </intent>
33        <intent>
33-->[androidx.media2:media2-session:1.2.1] AndroidManifest.xml:28:9-30:18
34            <action android:name="androidx.media2.session.MediaSessionService" />
34-->[androidx.media2:media2-session:1.2.1] AndroidManifest.xml:29:13-82
34-->[androidx.media2:media2-session:1.2.1] AndroidManifest.xml:29:21-79
35        </intent>
36        <intent>
36-->[androidx.media2:media2-session:1.2.1] AndroidManifest.xml:31:9-33:18
37            <action android:name="androidx.media2.session.MediaLibraryService" />
37-->[androidx.media2:media2-session:1.2.1] AndroidManifest.xml:32:13-82
37-->[androidx.media2:media2-session:1.2.1] AndroidManifest.xml:32:21-79
38        </intent>
39    </queries>
40
41    <uses-permission android:name="android.permission.ACCESS_NETWORK_STATE" />
41-->[:firebase_analytics] AndroidManifest.xml:9:5-79
41-->[:firebase_analytics] AndroidManifest.xml:9:22-76
42    <uses-permission android:name="android.permission.WAKE_LOCK" /> <!-- Create a unique permission for your app and use it so only your app can receive your OneSignal messages. -->
42-->[:firebase_analytics] AndroidManifest.xml:11:5-68
42-->[:firebase_analytics] AndroidManifest.xml:11:22-65
43    <permission
43-->[com.onesignal:OneSignal:4.8.5] AndroidManifest.xml:7:5-9:47
44        android:name="com.spagreen.yoori.permission.C2D_MESSAGE"
44-->[com.onesignal:OneSignal:4.8.5] AndroidManifest.xml:8:9-63
45        android:protectionLevel="signature" />
45-->[com.onesignal:OneSignal:4.8.5] AndroidManifest.xml:9:9-44
46
47    <uses-permission android:name="com.spagreen.yoori.permission.C2D_MESSAGE" /> <!-- OneSignal SDK has runtime checks Android version. -->
47-->[com.onesignal:OneSignal:4.8.5] AndroidManifest.xml:11:5-79
47-->[com.onesignal:OneSignal:4.8.5] AndroidManifest.xml:11:22-76
48    <!-- <uses-sdk tools:overrideLibrary="android.support.customtabs"/> -->
49    <!-- Required runtime permission to display notifications on Android 13 -->
50    <uses-permission android:name="android.permission.POST_NOTIFICATIONS" /> <!-- c2dm RECEIVE are basic requirements for push messages through Google's FCM -->
50-->[com.onesignal:OneSignal:4.8.5] AndroidManifest.xml:16:5-77
50-->[com.onesignal:OneSignal:4.8.5] AndroidManifest.xml:16:22-74
51    <uses-permission android:name="com.google.android.c2dm.permission.RECEIVE" />
51-->[com.onesignal:OneSignal:4.8.5] AndroidManifest.xml:18:5-82
51-->[com.onesignal:OneSignal:4.8.5] AndroidManifest.xml:18:22-79
52    <!--
53 Required so the device vibrates on receiving a push notification.
54         Vibration settings of the device still apply.
55    -->
56    <uses-permission android:name="android.permission.VIBRATE" />
56-->[com.onesignal:OneSignal:4.8.5] AndroidManifest.xml:24:5-66
56-->[com.onesignal:OneSignal:4.8.5] AndroidManifest.xml:24:22-63
57    <!--
58 Use to restore notifications the user hasn't interacted with.
59         They could be missed notifications if the user reboots their device if this isn't in place.
60    -->
61    <uses-permission android:name="android.permission.RECEIVE_BOOT_COMPLETED" /> <!-- START: ShortcutBadger -->
61-->[com.onesignal:OneSignal:4.8.5] AndroidManifest.xml:30:5-81
61-->[com.onesignal:OneSignal:4.8.5] AndroidManifest.xml:30:22-78
62    <!-- Samsung -->
63    <uses-permission android:name="com.sec.android.provider.badge.permission.READ" />
63-->[com.onesignal:OneSignal:4.8.5] AndroidManifest.xml:32:5-86
63-->[com.onesignal:OneSignal:4.8.5] AndroidManifest.xml:32:22-83
64    <uses-permission android:name="com.sec.android.provider.badge.permission.WRITE" /> <!-- HTC -->
64-->[com.onesignal:OneSignal:4.8.5] AndroidManifest.xml:33:5-87
64-->[com.onesignal:OneSignal:4.8.5] AndroidManifest.xml:33:22-84
65    <uses-permission android:name="com.htc.launcher.permission.READ_SETTINGS" />
65-->[com.onesignal:OneSignal:4.8.5] AndroidManifest.xml:34:5-81
65-->[com.onesignal:OneSignal:4.8.5] AndroidManifest.xml:34:22-78
66    <uses-permission android:name="com.htc.launcher.permission.UPDATE_SHORTCUT" /> <!-- Sony -->
66-->[com.onesignal:OneSignal:4.8.5] AndroidManifest.xml:35:5-83
66-->[com.onesignal:OneSignal:4.8.5] AndroidManifest.xml:35:22-80
67    <uses-permission android:name="com.sonyericsson.home.permission.BROADCAST_BADGE" />
67-->[com.onesignal:OneSignal:4.8.5] AndroidManifest.xml:36:5-88
67-->[com.onesignal:OneSignal:4.8.5] AndroidManifest.xml:36:22-85
68    <uses-permission android:name="com.sonymobile.home.permission.PROVIDER_INSERT_BADGE" /> <!-- Apex -->
68-->[com.onesignal:OneSignal:4.8.5] AndroidManifest.xml:37:5-92
68-->[com.onesignal:OneSignal:4.8.5] AndroidManifest.xml:37:22-89
69    <uses-permission android:name="com.anddoes.launcher.permission.UPDATE_COUNT" /> <!-- Solid -->
69-->[com.onesignal:OneSignal:4.8.5] AndroidManifest.xml:38:5-84
69-->[com.onesignal:OneSignal:4.8.5] AndroidManifest.xml:38:22-81
70    <uses-permission android:name="com.majeur.launcher.permission.UPDATE_BADGE" /> <!-- Huawei -->
70-->[com.onesignal:OneSignal:4.8.5] AndroidManifest.xml:39:5-83
70-->[com.onesignal:OneSignal:4.8.5] AndroidManifest.xml:39:22-80
71    <uses-permission android:name="com.huawei.android.launcher.permission.CHANGE_BADGE" />
71-->[com.onesignal:OneSignal:4.8.5] AndroidManifest.xml:40:5-91
71-->[com.onesignal:OneSignal:4.8.5] AndroidManifest.xml:40:22-88
72    <uses-permission android:name="com.huawei.android.launcher.permission.READ_SETTINGS" />
72-->[com.onesignal:OneSignal:4.8.5] AndroidManifest.xml:41:5-92
72-->[com.onesignal:OneSignal:4.8.5] AndroidManifest.xml:41:22-89
73    <uses-permission android:name="com.huawei.android.launcher.permission.WRITE_SETTINGS" /> <!-- ZUK -->
73-->[com.onesignal:OneSignal:4.8.5] AndroidManifest.xml:42:5-93
73-->[com.onesignal:OneSignal:4.8.5] AndroidManifest.xml:42:22-90
74    <uses-permission android:name="android.permission.READ_APP_BADGE" /> <!-- OPPO -->
74-->[com.onesignal:OneSignal:4.8.5] AndroidManifest.xml:43:5-73
74-->[com.onesignal:OneSignal:4.8.5] AndroidManifest.xml:43:22-70
75    <uses-permission android:name="com.oppo.launcher.permission.READ_SETTINGS" />
75-->[com.onesignal:OneSignal:4.8.5] AndroidManifest.xml:44:5-82
75-->[com.onesignal:OneSignal:4.8.5] AndroidManifest.xml:44:22-79
76    <uses-permission android:name="com.oppo.launcher.permission.WRITE_SETTINGS" /> <!-- EvMe -->
76-->[com.onesignal:OneSignal:4.8.5] AndroidManifest.xml:45:5-83
76-->[com.onesignal:OneSignal:4.8.5] AndroidManifest.xml:45:22-80
77    <uses-permission android:name="me.everything.badger.permission.BADGE_COUNT_READ" />
77-->[com.onesignal:OneSignal:4.8.5] AndroidManifest.xml:46:5-88
77-->[com.onesignal:OneSignal:4.8.5] AndroidManifest.xml:46:22-85
78    <uses-permission android:name="me.everything.badger.permission.BADGE_COUNT_WRITE" />
78-->[com.onesignal:OneSignal:4.8.5] AndroidManifest.xml:47:5-89
78-->[com.onesignal:OneSignal:4.8.5] AndroidManifest.xml:47:22-86
79    <uses-permission android:name="com.google.android.gms.permission.AD_ID" />
79-->[com.google.android.gms:play-services-measurement-api:21.5.0] AndroidManifest.xml:25:5-79
79-->[com.google.android.gms:play-services-measurement-api:21.5.0] AndroidManifest.xml:25:22-76
80    <uses-permission android:name="android.permission.ACCESS_ADSERVICES_ATTRIBUTION" />
80-->[com.google.android.gms:play-services-measurement-api:21.5.0] AndroidManifest.xml:26:5-88
80-->[com.google.android.gms:play-services-measurement-api:21.5.0] AndroidManifest.xml:26:22-85
81    <uses-permission android:name="android.permission.ACCESS_ADSERVICES_AD_ID" />
81-->[com.google.android.gms:play-services-measurement-api:21.5.0] AndroidManifest.xml:27:5-82
81-->[com.google.android.gms:play-services-measurement-api:21.5.0] AndroidManifest.xml:27:22-79
82    <uses-permission android:name="com.google.android.finsky.permission.BIND_GET_INSTALL_REFERRER_SERVICE" />
82-->[com.google.android.gms:play-services-measurement:21.5.0] AndroidManifest.xml:26:5-110
82-->[com.google.android.gms:play-services-measurement:21.5.0] AndroidManifest.xml:26:22-107
83
84    <permission
84-->[androidx.core:core:1.10.1] AndroidManifest.xml:22:5-24:47
85        android:name="com.spagreen.yoori.DYNAMIC_RECEIVER_NOT_EXPORTED_PERMISSION"
85-->[androidx.core:core:1.10.1] AndroidManifest.xml:23:9-81
86        android:protectionLevel="signature" />
86-->[androidx.core:core:1.10.1] AndroidManifest.xml:24:9-44
87
88    <uses-permission android:name="com.spagreen.yoori.DYNAMIC_RECEIVER_NOT_EXPORTED_PERMISSION" />
88-->[androidx.core:core:1.10.1] AndroidManifest.xml:26:5-97
88-->[androidx.core:core:1.10.1] AndroidManifest.xml:26:22-94
89
90    <application
91        android:name="android.app.Application"
92        android:appComponentFactory="androidx.core.app.CoreComponentFactory"
92-->[androidx.core:core:1.10.1] AndroidManifest.xml:28:18-86
93        android:debuggable="true"
94        android:icon="@mipmap/ic_launcher"
95        android:label="YOORI"
96        android:requestLegacyExternalStorage="true"
97        android:supportsRtl="true"
97-->[com.facebook.android:facebook-android-sdk:8.2.0] AndroidManifest.xml:28:18-44
98        android:usesCleartextTraffic="true" >
99        <meta-data
100            android:name="com.facebook.sdk.ApplicationId"
101            android:value="@string/facebook_app_id" />
102        <meta-data
103            android:name="com.facebook.sdk.ClientToken"
104            android:value="@string/facebook_client_token" />
105
106        <activity
107            android:name="com.spagreen.yoori.MainActivity"
108            android:configChanges="orientation|keyboardHidden|keyboard|screenSize|smallestScreenSize|locale|layoutDirection|fontScale|screenLayout|density|uiMode"
109            android:exported="true"
110            android:hardwareAccelerated="true"
111            android:launchMode="singleTop"
112            android:theme="@style/LaunchTheme"
113            android:windowSoftInputMode="adjustResize" >
114            <meta-data
115                android:name="io.flutter.embedding.android.NormalTheme"
116                android:resource="@style/NormalTheme" />
117
118            <intent-filter>
119                <action android:name="android.intent.action.MAIN" />
120
121                <category android:name="android.intent.category.LAUNCHER" />
122            </intent-filter>
123        </activity>
124
125        <meta-data
126            android:name="flutterEmbedding"
127            android:value="2" />
128
129        <activity
130            android:name="com.facebook.FacebookActivity"
131            android:configChanges="keyboard|keyboardHidden|screenLayout|screenSize|orientation"
132            android:label="@string/app_name"
133            android:theme="@style/com_facebook_activity_theme" />
133-->[com.facebook.android:facebook-common:14.1.1] AndroidManifest.xml:37:13-63
134
135        <service
135-->[:firebase_analytics] AndroidManifest.xml:14:9-18:19
136            android:name="com.google.firebase.components.ComponentDiscoveryService"
136-->[:firebase_analytics] AndroidManifest.xml:14:18-89
137            android:directBootAware="true"
137-->[com.google.firebase:firebase-common:20.4.2] AndroidManifest.xml:32:13-43
138            android:exported="false" >
138-->[com.google.firebase:firebase-auth:22.3.0] AndroidManifest.xml:68:13-37
139            <meta-data
139-->[:firebase_analytics] AndroidManifest.xml:15:13-17:85
140                android:name="com.google.firebase.components:io.flutter.plugins.firebase.analytics.FlutterFirebaseAppRegistrar"
140-->[:firebase_analytics] AndroidManifest.xml:16:17-128
141                android:value="com.google.firebase.components.ComponentRegistrar" />
141-->[:firebase_analytics] AndroidManifest.xml:17:17-82
142            <meta-data
142-->[:firebase_auth] AndroidManifest.xml:11:13-13:85
143                android:name="com.google.firebase.components:io.flutter.plugins.firebase.auth.FlutterFirebaseAuthRegistrar"
143-->[:firebase_auth] AndroidManifest.xml:12:17-124
144                android:value="com.google.firebase.components.ComponentRegistrar" />
144-->[:firebase_auth] AndroidManifest.xml:13:17-82
145            <meta-data
145-->[:firebase_core] AndroidManifest.xml:11:13-13:85
146                android:name="com.google.firebase.components:io.flutter.plugins.firebase.core.FlutterFirebaseCoreRegistrar"
146-->[:firebase_core] AndroidManifest.xml:12:17-124
147                android:value="com.google.firebase.components.ComponentRegistrar" />
147-->[:firebase_core] AndroidManifest.xml:13:17-82
148            <meta-data
148-->[com.google.firebase:firebase-auth:22.3.0] AndroidManifest.xml:69:13-71:85
149                android:name="com.google.firebase.components:com.google.firebase.auth.FirebaseAuthRegistrar"
149-->[com.google.firebase:firebase-auth:22.3.0] AndroidManifest.xml:70:17-109
150                android:value="com.google.firebase.components.ComponentRegistrar" />
150-->[com.google.firebase:firebase-auth:22.3.0] AndroidManifest.xml:71:17-82
151            <meta-data
151-->[com.google.firebase:firebase-messaging:23.3.1] AndroidManifest.xml:57:13-59:85
152                android:name="com.google.firebase.components:com.google.firebase.messaging.FirebaseMessagingKtxRegistrar"
152-->[com.google.firebase:firebase-messaging:23.3.1] AndroidManifest.xml:58:17-122
153                android:value="com.google.firebase.components.ComponentRegistrar" />
153-->[com.google.firebase:firebase-messaging:23.3.1] AndroidManifest.xml:59:17-82
154            <meta-data
154-->[com.google.firebase:firebase-messaging:23.3.1] AndroidManifest.xml:60:13-62:85
155                android:name="com.google.firebase.components:com.google.firebase.messaging.FirebaseMessagingRegistrar"
155-->[com.google.firebase:firebase-messaging:23.3.1] AndroidManifest.xml:61:17-119
156                android:value="com.google.firebase.components.ComponentRegistrar" />
156-->[com.google.firebase:firebase-messaging:23.3.1] AndroidManifest.xml:62:17-82
157            <meta-data
157-->[com.google.android.gms:play-services-measurement-api:21.5.0] AndroidManifest.xml:37:13-39:85
158                android:name="com.google.firebase.components:com.google.firebase.analytics.connector.internal.AnalyticsConnectorRegistrar"
158-->[com.google.android.gms:play-services-measurement-api:21.5.0] AndroidManifest.xml:38:17-139
159                android:value="com.google.firebase.components.ComponentRegistrar" />
159-->[com.google.android.gms:play-services-measurement-api:21.5.0] AndroidManifest.xml:39:17-82
160            <meta-data
160-->[com.google.firebase:firebase-installations:17.2.0] AndroidManifest.xml:15:13-17:85
161                android:name="com.google.firebase.components:com.google.firebase.installations.FirebaseInstallationsKtxRegistrar"
161-->[com.google.firebase:firebase-installations:17.2.0] AndroidManifest.xml:16:17-130
162                android:value="com.google.firebase.components.ComponentRegistrar" />
162-->[com.google.firebase:firebase-installations:17.2.0] AndroidManifest.xml:17:17-82
163            <meta-data
163-->[com.google.firebase:firebase-installations:17.2.0] AndroidManifest.xml:18:13-20:85
164                android:name="com.google.firebase.components:com.google.firebase.installations.FirebaseInstallationsRegistrar"
164-->[com.google.firebase:firebase-installations:17.2.0] AndroidManifest.xml:19:17-127
165                android:value="com.google.firebase.components.ComponentRegistrar" />
165-->[com.google.firebase:firebase-installations:17.2.0] AndroidManifest.xml:20:17-82
166            <meta-data
166-->[com.google.firebase:firebase-common-ktx:20.4.2] AndroidManifest.xml:12:13-14:85
167                android:name="com.google.firebase.components:com.google.firebase.ktx.FirebaseCommonLegacyRegistrar"
167-->[com.google.firebase:firebase-common-ktx:20.4.2] AndroidManifest.xml:13:17-116
168                android:value="com.google.firebase.components.ComponentRegistrar" />
168-->[com.google.firebase:firebase-common-ktx:20.4.2] AndroidManifest.xml:14:17-82
169            <meta-data
169-->[com.google.firebase:firebase-common:20.4.2] AndroidManifest.xml:35:13-37:85
170                android:name="com.google.firebase.components:com.google.firebase.FirebaseCommonKtxRegistrar"
170-->[com.google.firebase:firebase-common:20.4.2] AndroidManifest.xml:36:17-109
171                android:value="com.google.firebase.components.ComponentRegistrar" />
171-->[com.google.firebase:firebase-common:20.4.2] AndroidManifest.xml:37:17-82
172            <meta-data
172-->[com.google.firebase:firebase-datatransport:18.1.7] AndroidManifest.xml:27:13-29:85
173                android:name="com.google.firebase.components:com.google.firebase.datatransport.TransportRegistrar"
173-->[com.google.firebase:firebase-datatransport:18.1.7] AndroidManifest.xml:28:17-115
174                android:value="com.google.firebase.components.ComponentRegistrar" />
174-->[com.google.firebase:firebase-datatransport:18.1.7] AndroidManifest.xml:29:17-82
175        </service>
176
177        <activity
177-->[:flutter_inappwebview] AndroidManifest.xml:16:9-20:47
178            android:name="com.pichillilorenzo.flutter_inappwebview.in_app_browser.InAppBrowserActivity"
178-->[:flutter_inappwebview] AndroidManifest.xml:17:13-104
179            android:configChanges="orientation|keyboardHidden|keyboard|screenSize|locale|layoutDirection|fontScale|screenLayout|density"
179-->[:flutter_inappwebview] AndroidManifest.xml:18:13-137
180            android:exported="false"
180-->[:flutter_inappwebview] AndroidManifest.xml:19:13-37
181            android:theme="@style/AppTheme" />
181-->[:flutter_inappwebview] AndroidManifest.xml:20:13-44
182        <activity
182-->[:flutter_inappwebview] AndroidManifest.xml:21:9-24:55
183            android:name="com.pichillilorenzo.flutter_inappwebview.chrome_custom_tabs.ChromeCustomTabsActivity"
183-->[:flutter_inappwebview] AndroidManifest.xml:22:13-112
184            android:exported="false"
184-->[:flutter_inappwebview] AndroidManifest.xml:23:13-37
185            android:theme="@style/ThemeTransparent" />
185-->[:flutter_inappwebview] AndroidManifest.xml:24:13-52
186        <activity
186-->[:flutter_inappwebview] AndroidManifest.xml:25:9-28:55
187            android:name="com.pichillilorenzo.flutter_inappwebview.chrome_custom_tabs.TrustedWebActivity"
187-->[:flutter_inappwebview] AndroidManifest.xml:26:13-106
188            android:exported="false"
188-->[:flutter_inappwebview] AndroidManifest.xml:27:13-37
189            android:theme="@style/ThemeTransparent" />
189-->[:flutter_inappwebview] AndroidManifest.xml:28:13-52
190        <activity
190-->[:flutter_inappwebview] AndroidManifest.xml:29:9-33:55
191            android:name="com.pichillilorenzo.flutter_inappwebview.chrome_custom_tabs.ChromeCustomTabsActivitySingleInstance"
191-->[:flutter_inappwebview] AndroidManifest.xml:30:13-126
192            android:exported="false"
192-->[:flutter_inappwebview] AndroidManifest.xml:31:13-37
193            android:launchMode="singleInstance"
193-->[:flutter_inappwebview] AndroidManifest.xml:32:13-48
194            android:theme="@style/ThemeTransparent" />
194-->[:flutter_inappwebview] AndroidManifest.xml:33:13-52
195        <activity
195-->[:flutter_inappwebview] AndroidManifest.xml:34:9-38:55
196            android:name="com.pichillilorenzo.flutter_inappwebview.chrome_custom_tabs.TrustedWebActivitySingleInstance"
196-->[:flutter_inappwebview] AndroidManifest.xml:35:13-120
197            android:exported="false"
197-->[:flutter_inappwebview] AndroidManifest.xml:36:13-37
198            android:launchMode="singleInstance"
198-->[:flutter_inappwebview] AndroidManifest.xml:37:13-48
199            android:theme="@style/ThemeTransparent" />
199-->[:flutter_inappwebview] AndroidManifest.xml:38:13-52
200
201        <receiver
201-->[:flutter_inappwebview] AndroidManifest.xml:40:9-43:40
202            android:name="com.pichillilorenzo.flutter_inappwebview.chrome_custom_tabs.ActionBroadcastReceiver"
202-->[:flutter_inappwebview] AndroidManifest.xml:41:13-111
203            android:enabled="true"
203-->[:flutter_inappwebview] AndroidManifest.xml:42:13-35
204            android:exported="false" />
204-->[:flutter_inappwebview] AndroidManifest.xml:43:13-37
205
206        <meta-data
206-->[:flutter_inappwebview] AndroidManifest.xml:45:9-47:36
207            android:name="io.flutter.embedded_views_preview"
207-->[:flutter_inappwebview] AndroidManifest.xml:46:13-61
208            android:value="true" />
208-->[:flutter_inappwebview] AndroidManifest.xml:47:13-33
209
210        <provider
210-->[:share_plus] AndroidManifest.xml:10:9-18:20
211            android:name="dev.fluttercommunity.plus.share.ShareFileProvider"
211-->[:share_plus] AndroidManifest.xml:11:13-77
212            android:authorities="com.spagreen.yoori.flutter.share_provider"
212-->[:share_plus] AndroidManifest.xml:12:13-74
213            android:exported="false"
213-->[:share_plus] AndroidManifest.xml:13:13-37
214            android:grantUriPermissions="true" >
214-->[:share_plus] AndroidManifest.xml:14:13-47
215            <meta-data
215-->[:share_plus] AndroidManifest.xml:15:13-17:68
216                android:name="android.support.FILE_PROVIDER_PATHS"
216-->[:share_plus] AndroidManifest.xml:16:17-67
217                android:resource="@xml/flutter_share_file_paths" />
217-->[:share_plus] AndroidManifest.xml:17:17-65
218        </provider>
219        <provider
219-->[:image_picker_android] AndroidManifest.xml:10:9-18:20
220            android:name="io.flutter.plugins.imagepicker.ImagePickerFileProvider"
220-->[:image_picker_android] AndroidManifest.xml:11:13-82
221            android:authorities="com.spagreen.yoori.flutter.image_provider"
221-->[:image_picker_android] AndroidManifest.xml:12:13-74
222            android:exported="false"
222-->[:image_picker_android] AndroidManifest.xml:13:13-37
223            android:grantUriPermissions="true" >
223-->[:image_picker_android] AndroidManifest.xml:14:13-47
224            <meta-data
224-->[:share_plus] AndroidManifest.xml:15:13-17:68
225                android:name="android.support.FILE_PROVIDER_PATHS"
225-->[:share_plus] AndroidManifest.xml:16:17-67
226                android:resource="@xml/flutter_image_picker_file_paths" />
226-->[:share_plus] AndroidManifest.xml:17:17-65
227        </provider>
228
229        <activity
229-->[:url_launcher_android] AndroidManifest.xml:10:9-13:74
230            android:name="io.flutter.plugins.urllauncher.WebViewActivity"
230-->[:url_launcher_android] AndroidManifest.xml:11:13-74
231            android:exported="false"
231-->[:url_launcher_android] AndroidManifest.xml:12:13-37
232            android:theme="@android:style/Theme.NoTitleBar.Fullscreen" />
232-->[:url_launcher_android] AndroidManifest.xml:13:13-71
233
234        <provider
234-->[:open_file_plus] AndroidManifest.xml:15:9-24:20
235            android:name="com.joutvhu.openfile.FileProvider"
235-->[:open_file_plus] AndroidManifest.xml:16:13-61
236            android:authorities="com.spagreen.yoori.fileProvider.com.joutvhu.openfile"
236-->[:open_file_plus] AndroidManifest.xml:17:13-85
237            android:exported="false"
237-->[:open_file_plus] AndroidManifest.xml:18:13-37
238            android:grantUriPermissions="true" >
238-->[:open_file_plus] AndroidManifest.xml:19:13-47
239            <meta-data
239-->[:share_plus] AndroidManifest.xml:15:13-17:68
240                android:name="android.support.FILE_PROVIDER_PATHS"
240-->[:share_plus] AndroidManifest.xml:16:17-67
241                android:resource="@xml/filepaths" />
241-->[:share_plus] AndroidManifest.xml:17:17-65
242        </provider>
243
244        <receiver
244-->[com.onesignal:OneSignal:4.8.5] AndroidManifest.xml:50:9-61:20
245            android:name="com.onesignal.FCMBroadcastReceiver"
245-->[com.onesignal:OneSignal:4.8.5] AndroidManifest.xml:51:13-62
246            android:exported="true"
246-->[com.onesignal:OneSignal:4.8.5] AndroidManifest.xml:52:13-36
247            android:permission="com.google.android.c2dm.permission.SEND" >
247-->[com.onesignal:OneSignal:4.8.5] AndroidManifest.xml:53:13-73
248
249            <!-- High priority so OneSignal payloads can be filtered from other FCM receivers -->
250            <intent-filter android:priority="999" >
250-->[com.onesignal:OneSignal:4.8.5] AndroidManifest.xml:56:13-60:29
250-->[com.onesignal:OneSignal:4.8.5] AndroidManifest.xml:56:28-50
251                <action android:name="com.google.android.c2dm.intent.RECEIVE" />
251-->[com.onesignal:OneSignal:4.8.5] AndroidManifest.xml:57:17-81
251-->[com.onesignal:OneSignal:4.8.5] AndroidManifest.xml:57:25-78
252
253                <category android:name="com.spagreen.yoori" />
253-->[com.onesignal:OneSignal:4.8.5] AndroidManifest.xml:59:17-61
253-->[com.onesignal:OneSignal:4.8.5] AndroidManifest.xml:59:27-58
254            </intent-filter>
255        </receiver>
256
257        <service
257-->[com.onesignal:OneSignal:4.8.5] AndroidManifest.xml:63:9-69:19
258            android:name="com.onesignal.HmsMessageServiceOneSignal"
258-->[com.onesignal:OneSignal:4.8.5] AndroidManifest.xml:64:13-68
259            android:exported="false" >
259-->[com.onesignal:OneSignal:4.8.5] AndroidManifest.xml:65:13-37
260            <intent-filter>
260-->[com.onesignal:OneSignal:4.8.5] AndroidManifest.xml:66:13-68:29
261                <action android:name="com.huawei.push.action.MESSAGING_EVENT" />
261-->[com.onesignal:OneSignal:4.8.5] AndroidManifest.xml:67:17-81
261-->[com.onesignal:OneSignal:4.8.5] AndroidManifest.xml:67:25-78
262            </intent-filter>
263        </service>
264
265        <activity
265-->[com.onesignal:OneSignal:4.8.5] AndroidManifest.xml:71:9-79:20
266            android:name="com.onesignal.NotificationOpenedActivityHMS"
266-->[com.onesignal:OneSignal:4.8.5] AndroidManifest.xml:72:13-71
267            android:exported="true"
267-->[com.onesignal:OneSignal:4.8.5] AndroidManifest.xml:73:13-36
268            android:noHistory="true"
268-->[com.onesignal:OneSignal:4.8.5] AndroidManifest.xml:74:13-37
269            android:theme="@android:style/Theme.Translucent.NoTitleBar" >
269-->[com.onesignal:OneSignal:4.8.5] AndroidManifest.xml:75:13-72
270            <intent-filter>
270-->[com.onesignal:OneSignal:4.8.5] AndroidManifest.xml:76:13-78:29
271                <action android:name="android.intent.action.VIEW" />
271-->[com.onesignal:OneSignal:4.8.5] AndroidManifest.xml:77:17-69
271-->[com.onesignal:OneSignal:4.8.5] AndroidManifest.xml:77:25-66
272            </intent-filter>
273        </activity>
274
275        <service
275-->[com.onesignal:OneSignal:4.8.5] AndroidManifest.xml:81:9-83:40
276            android:name="com.onesignal.FCMIntentService"
276-->[com.onesignal:OneSignal:4.8.5] AndroidManifest.xml:82:13-58
277            android:exported="false" />
277-->[com.onesignal:OneSignal:4.8.5] AndroidManifest.xml:83:13-37
278        <service
278-->[com.onesignal:OneSignal:4.8.5] AndroidManifest.xml:84:9-87:72
279            android:name="com.onesignal.FCMIntentJobService"
279-->[com.onesignal:OneSignal:4.8.5] AndroidManifest.xml:85:13-61
280            android:exported="false"
280-->[com.onesignal:OneSignal:4.8.5] AndroidManifest.xml:86:13-37
281            android:permission="android.permission.BIND_JOB_SERVICE" />
281-->[com.onesignal:OneSignal:4.8.5] AndroidManifest.xml:87:13-69
282        <service
282-->[com.onesignal:OneSignal:4.8.5] AndroidManifest.xml:88:9-91:43
283            android:name="com.onesignal.SyncService"
283-->[com.onesignal:OneSignal:4.8.5] AndroidManifest.xml:89:13-53
284            android:exported="false"